\BOOKMARK [0][]{section*.3}{\376\377\144\130\000\040\000\040\000\040\000\040\211\201}{}% 1
\BOOKMARK [0][]{section*.5}{\376\377\000A\000b\000s\000t\000r\000a\000c\000t}{}% 2
\BOOKMARK [0][]{section*.7}{\376\377\173\054\116\000\172\340\000\040\000\040\176\352\213\272}{}% 3
\BOOKMARK [1][]{section*.8}{\376\377\0001\000.\0001\000\040\170\024\172\166\200\314\146\157}{section*.7}% 4
\BOOKMARK [2][]{section*.9}{\376\377\0001\000.\0001\000.\0001\000\040\213\241\173\227\155\101\117\123\122\233\133\146}{section*.8}% 5
\BOOKMARK [2][]{section*.10}{\376\377\0001\000.\0001\000.\0002\000\040\123\314\146\362\133\210\140\122\137\213\123\312\121\166\145\160\120\074\150\074\137\017}{section*.8}% 6
\BOOKMARK [1][]{section*.16}{\376\377\0001\000.\0002\000\040\170\024\172\166\163\260\162\266}{section*.7}% 7
\BOOKMARK [2][]{section*.17}{\376\377\0001\000.\0002\000.\0001\000\040\145\366\225\364\143\250\217\333\150\106\147\266}{section*.16}% 8
\BOOKMARK [2][]{section*.18}{\376\377\0001\000.\0002\000.\0002\000\040\221\315\147\204\173\227\154\325}{section*.16}% 9
\BOOKMARK [2][]{section*.25}{\376\377\0001\000.\0002\000.\0003\000\040\211\343\154\325\126\150}{section*.16}% 10
\BOOKMARK [1][]{section*.30}{\376\377\0001\000.\0003\000\040\147\054\145\207\166\204\170\024\172\166\166\356\166\204\124\214\116\073\211\201\135\345\117\134}{section*.7}% 11
\BOOKMARK [0][]{section*.31}{\376\377\173\054\116\214\172\340\000\040\000\040\145\071\217\333\166\204\123\314\146\362\133\210\140\122\137\213\116\044\153\145\126\333\226\066\145\366\225\364\143\250\217\333\150\106\147\266}{}% 12
\BOOKMARK [1][]{section*.32}{\376\377\0002\000.\0001\000\040\123\237\131\313\166\204\116\044\153\145\126\333\226\066\145\366\225\364\143\250\217\333\150\106\147\266}{section*.31}% 13
\BOOKMARK [2][]{section*.33}{\376\377\0002\000.\0001\000.\0001\000\040\123\237\131\313\116\044\153\145\126\333\226\066\145\366\225\364\143\250\217\333\150\106\147\266\166\204\173\227\154\325\155\101\172\013}{section*.32}% 14
\BOOKMARK [2][]{section*.34}{\376\377\0002\000.\0001\000.\0002\000\040\123\237\131\313\116\044\153\145\126\333\226\066\145\366\225\364\143\250\217\333\150\106\147\266\166\204\134\100\226\120}{section*.32}% 15
\BOOKMARK [2][]{section*.39}{\376\377\0002\000.\0001\000.\0003\000\040\123\237\131\313\116\044\153\145\126\333\226\066\145\366\225\364\143\250\217\333\150\106\147\266\166\204\174\276\136\246\122\006\147\220}{section*.32}% 16
\BOOKMARK [1][]{section*.40}{\376\377\0002\000.\0002\000\040\145\071\217\333\166\204\116\000\176\364\116\044\153\145\126\333\226\066\145\366\225\364\143\250\217\333\150\106\147\266}{section*.31}% 17
\BOOKMARK [2][]{section*.41}{\376\377\0002\000.\0002\000.\0001\000\040\116\000\176\364\116\044\153\145\126\333\226\066\145\366\225\364\143\250\217\333\150\106\147\266\166\204\173\227\154\325\155\101\172\013}{section*.40}% 18
\BOOKMARK [2][]{section*.42}{\376\377\0002\000.\0002\000.\0002\000\040\116\000\176\364\116\044\153\145\126\333\226\066\145\366\225\364\143\250\217\333\150\106\147\266\166\204\176\304\116\366\377\032\221\315\147\204}{section*.40}% 19
\BOOKMARK [2][]{section*.43}{\376\377\0002\000.\0002\000.\0003\000\040\116\000\176\364\116\044\153\145\126\333\226\066\145\366\225\364\143\250\217\333\150\106\147\266\166\204\176\304\116\366\377\032\211\343\154\325\126\150}{section*.40}% 20
\BOOKMARK [2][]{section*.46}{\376\377\0002\000.\0002\000.\0004\000\040\116\000\176\364\116\044\153\145\126\333\226\066\145\366\225\364\143\250\217\333\150\106\147\266\166\204\174\276\136\246\122\006\147\220}{section*.40}% 21
\BOOKMARK [1][]{section*.47}{\376\377\0002\000.\0003\000\040\145\071\217\333\166\204\116\214\176\364\116\044\153\145\126\333\226\066\145\366\225\364\143\250\217\333\150\106\147\266}{section*.31}% 22
\BOOKMARK [2][]{section*.48}{\376\377\0002\000.\0003\000.\0001\000\040\116\214\176\364\116\044\153\145\126\333\226\066\145\366\225\364\143\250\217\333\150\106\147\266\166\204\173\227\154\325\155\101\172\013}{section*.47}% 23
\BOOKMARK [2][]{section*.49}{\376\377\0002\000.\0003\000.\0002\000\040\116\214\176\364\116\044\153\145\126\333\226\066\145\366\225\364\143\250\217\333\150\106\147\266\166\204\176\304\116\366\377\032\221\315\147\204}{section*.47}% 24
\BOOKMARK [2][]{section*.50}{\376\377\0002\000.\0003\000.\0003\000\040\116\214\176\364\116\044\153\145\126\333\226\066\145\366\225\364\143\250\217\333\150\106\147\266\166\204\176\304\116\366\377\032\211\343\154\325\126\150}{section*.47}% 25
\BOOKMARK [2][]{section*.53}{\376\377\0002\000.\0003\000.\0004\000\040\116\214\176\364\116\044\153\145\126\333\226\066\145\366\225\364\143\250\217\333\150\106\147\266\166\204\174\276\136\246\122\006\147\220}{section*.47}% 26
\BOOKMARK [1][]{section*.54}{\376\377\0002\000.\0004\000\040\116\000\171\315\145\260\166\204\116\011\153\145\126\333\226\066\145\366\225\364\143\250\217\333\150\106\147\266}{section*.31}% 27
\BOOKMARK [1][]{section*.55}{\376\377\0002\000.\0005\000\040\217\271\165\114\131\004\164\006\377\032\206\132\142\337\123\125\121\103\142\200\147\057}{section*.31}% 28
\BOOKMARK [1][]{section*.58}{\376\377\0002\000.\0006\000\040\134\017\176\323}{section*.31}% 29
\BOOKMARK [0][]{section*.59}{\376\377\173\054\116\011\172\340\000\040\000\040\116\000\176\364\127\372\116\216\175\047\201\364\127\303\134\024\174\163\162\171\221\315\147\204\166\204\123\314\146\362\133\210\140\122\137\213\116\044\153\145\126\333\226\066\145\160\120\074\150\074\137\017}{}% 30
\BOOKMARK [1][]{section*.60}{\376\377\0003\000.\0001\000\040\136\177\116\111\236\316\146\374\225\356\230\230\211\343\154\325\126\150}{section*.59}% 31
\BOOKMARK [2][]{section*.61}{\376\377\0003\000.\0001\000.\0001\000\040\236\316\146\374\225\356\230\230\211\343\154\325\126\150\377\032\000G\000o\000d\000u\000n\000o\000v\211\343\154\325\126\150}{section*.60}% 32
\BOOKMARK [2][]{section*.64}{\376\377\0003\000.\0001\000.\0002\000\040\176\277\140\047\130\360\154\342\217\321\117\074\166\204\136\177\116\111\236\316\146\374\225\356\230\230\211\343\154\325\126\150}{section*.60}% 33
\BOOKMARK [2][]{section*.65}{\376\377\0003\000.\0001\000.\0003\000\040\227\136\176\277\140\047\136\177\116\111\236\316\146\374\225\356\230\230\211\343\154\325\126\150\377\032\000t\217\164\116\015\117\115\116\216\172\000\165\217\154\342\121\205\220\350}{section*.60}% 34
\BOOKMARK [2][]{section*.66}{\376\377\0003\000.\0001\000.\0004\000\040\227\136\176\277\140\047\136\177\116\111\236\316\146\374\225\356\230\230\211\343\154\325\126\150\377\032\000t\217\164\117\115\116\216\172\000\165\217\154\342\121\205\220\350}{section*.60}% 35
\BOOKMARK [1][]{section*.67}{\376\377\0003\000.\0002\000\040\176\277\140\047\175\047\201\364\127\303\134\024\174\163\162\171\221\315\147\204\123\312\121\166\166\370\136\224\166\204\116\044\153\145\126\333\226\066\150\074\137\017}{section*.59}% 36
\BOOKMARK [2][]{section*.68}{\376\377\0003\000.\0002\000.\0001\000\040\176\277\140\047\175\047\201\364\127\303\134\024\174\163\162\171\221\315\147\204\166\204\143\250\133\374}{section*.67}% 37
\BOOKMARK [2][]{section*.69}{\376\377\0003\000.\0002\000.\0002\000\040\176\277\140\047\175\047\201\364\127\303\134\024\174\163\162\171\221\315\147\204\166\204\117\213\133\120}{section*.67}% 38
\BOOKMARK [2][]{section*.75}{\376\377\0003\000.\0002\000.\0003\000\040\127\372\116\216\176\277\140\047\175\047\201\364\127\303\134\024\174\163\162\171\221\315\147\204\166\204\116\044\153\145\126\333\226\066\150\074\137\017\123\312\121\166\172\063\133\232\140\047\122\006\147\220}{section*.67}% 39
\BOOKMARK [1][]{section*.86}{\376\377\0003\000.\0003\000\040\127\372\147\054\145\340\143\057\203\141\166\204\175\047\201\364\127\303\134\024\174\163\162\171\221\315\147\204\123\312\121\166\166\370\136\224\166\204\116\044\153\145\126\333\226\066\150\074\137\017}{section*.59}% 40
\BOOKMARK [2][]{section*.87}{\376\377\0003\000.\0003\000.\0001\000\040\122\240\147\103\127\213\175\047\201\364\127\303\134\024\174\163\162\171\221\315\147\204}{section*.86}% 41
\BOOKMARK [2][]{section*.92}{\376\377\0003\000.\0003\000.\0002\000\040\147\102\116\244\220\011\142\351\127\213\175\047\201\364\127\303\134\024\174\163\162\171\221\315\147\204}{section*.86}% 42
\BOOKMARK [2][]{section*.98}{\376\377\0003\000.\0003\000.\0003\000\040\127\372\116\216\175\047\201\364\127\303\134\024\174\163\162\171\221\315\147\204\166\204\127\372\147\054\145\340\143\057\203\141\166\204\116\044\153\145\126\333\226\066\150\074\137\017}{section*.86}% 43
\BOOKMARK [2][]{section*.99}{\376\377\0003\000.\0003\000.\0004\000\040\145\160\120\074\150\074\137\017\166\204\175\047\201\364\140\047}{section*.86}% 44
\BOOKMARK [1][]{section*.106}{\376\377\0003\000.\0004\000\040\145\160\120\074\133\236\232\214}{section*.59}% 45
\BOOKMARK [2][]{section*.107}{\376\377\0003\000.\0004\000.\0001\000\040\172\172\225\364\126\333\226\066\174\276\136\246\166\204\116\044\153\145\126\333\226\066\150\074\137\017}{section*.106}% 46
\BOOKMARK [2][]{section*.136}{\376\377\0003\000.\0004\000.\0002\000\040\172\172\225\364\121\155\226\066\124\214\121\153\226\066\174\276\136\246\166\204\116\044\153\145\126\333\226\066\150\074\137\017}{section*.106}% 47
\BOOKMARK [2][]{section*.159}{\376\377\0003\000.\0004\000.\0003\000\040\145\160\120\074\150\074\137\017\166\204\145\366\225\364\145\110\163\207}{section*.106}% 48
\BOOKMARK [1][]{section*.162}{\376\377\0003\000.\0005\000\040\134\017\176\323}{section*.59}% 49
\BOOKMARK [0][]{section*.163}{\376\377\173\054\126\333\172\340\000\040\000\040\116\214\176\364\127\372\116\216\175\047\201\364\127\303\134\024\174\163\162\171\221\315\147\204\166\204\123\314\146\362\133\210\140\122\137\213\116\044\153\145\126\333\226\066\145\160\120\074\150\074\137\017}{}% 50
\BOOKMARK [1][]{section*.164}{\376\377\0004\000.\0001\000\040\136\177\116\111\236\316\146\374\225\356\230\230\211\343\154\325\126\150}{section*.163}% 51
\BOOKMARK [1][]{section*.165}{\376\377\0004\000.\0002\000\040\176\277\140\047\175\047\201\364\127\303\134\024\174\163\162\171\221\315\147\204\123\312\121\166\166\370\136\224\166\204\116\044\153\145\126\333\226\066\150\074\137\017}{section*.163}% 52
\BOOKMARK [2][]{section*.166}{\376\377\0004\000.\0002\000.\0001\000\040\176\277\140\047\175\047\201\364\127\303\134\024\174\163\162\171\221\315\147\204\152\041\147\177\166\204\220\011\142\351\173\126\165\145}{section*.165}% 53
\BOOKMARK [2][]{section*.167}{\376\377\0004\000.\0002\000.\0002\000\040\176\277\140\047\175\047\201\364\127\303\134\024\174\163\162\171\221\315\147\204\166\204\121\167\117\123\137\142\137\017}{section*.165}% 54
\BOOKMARK [2][]{section*.177}{\376\377\0004\000.\0002\000.\0003\000\040\127\372\116\216\176\277\140\047\175\047\201\364\127\303\134\024\174\163\162\171\221\315\147\204\166\204\116\044\153\145\126\333\226\066\150\074\137\017}{section*.165}% 55
\BOOKMARK [1][]{section*.178}{\376\377\0004\000.\0003\000\040\127\372\147\054\145\340\143\057\203\141\166\204\175\047\201\364\127\303\134\024\174\163\162\171\221\315\147\204\123\312\121\166\166\370\136\224\166\204\116\044\153\145\126\333\226\066\150\074\137\017}{section*.163}% 56
\BOOKMARK [2][]{section*.179}{\376\377\0004\000.\0003\000.\0001\000\040\122\240\147\103\127\213\175\047\201\364\127\303\134\024\174\163\162\171\221\315\147\204}{section*.178}% 57
\BOOKMARK [2][]{section*.184}{\376\377\0004\000.\0003\000.\0002\000\040\147\102\116\244\220\011\142\351\127\213\175\047\201\364\127\303\134\024\174\163\162\171\221\315\147\204}{section*.178}% 58
\BOOKMARK [2][]{section*.189}{\376\377\0004\000.\0003\000.\0003\000\040\127\372\116\216\175\047\201\364\127\303\134\024\174\163\162\171\221\315\147\204\166\204\127\372\147\054\145\340\143\057\203\141\166\204\175\047\201\364\116\044\153\145\126\333\226\066\150\074\137\017}{section*.178}% 59
\BOOKMARK [2][]{section*.190}{\376\377\0004\000.\0003\000.\0004\000\040\145\160\120\074\150\074\137\017\166\204\175\047\201\364\140\047}{section*.178}% 60
\BOOKMARK [1][]{section*.197}{\376\377\0004\000.\0004\000\040\145\160\120\074\133\236\232\214}{section*.163}% 61
\BOOKMARK [2][]{section*.198}{\376\377\0004\000.\0004\000.\0001\000\040\172\172\225\364\126\333\226\066\174\276\136\246\166\204\116\044\153\145\126\333\226\066\150\074\137\017}{section*.197}% 62
\BOOKMARK [2][]{section*.227}{\376\377\0004\000.\0004\000.\0002\000\040\172\172\225\364\121\153\226\066\174\276\136\246\166\204\116\044\153\145\126\333\226\066\150\074\137\017}{section*.197}% 63
\BOOKMARK [2][]{section*.252}{\376\377\0004\000.\0004\000.\0003\000\040\145\160\120\074\150\074\137\017\166\204\145\366\225\364\145\110\163\207}{section*.197}% 64
\BOOKMARK [1][]{section*.255}{\376\377\0004\000.\0005\000\040\134\017\176\323}{section*.163}% 65
\BOOKMARK [0][]{section*.256}{\376\377\173\054\116\224\172\340\000\040\000\040\140\073\176\323\116\016\134\125\147\033}{}% 66
\BOOKMARK [0][]{section*.257}{\376\377\123\302\200\003\145\207\163\056}{}% 67
\BOOKMARK [0][]{section*.260}{\376\377\145\073\213\373\123\132\130\353\133\146\117\115\147\037\225\364\133\214\142\020\166\204\213\272\145\207\123\312\121\166\116\326\142\020\147\234}{}% 68
\BOOKMARK [0][]{section*.262}{\376\377\201\364\000\040\000\040\000\040\000\040\214\042}{}% 69
